[2026-05-08 05:41:10] [pid 756539] Adaptive turbo starting; GPUs=[0, 1, 2, 3], matrix=16384, poll=3.0s
[2026-05-08 05:41:10] [pid 756539] Worker PIDs: [756539, 756554, 756555, 756556, 756557]
[2026-05-08 05:41:10] [pid 756539] GPU 0: idle → resume
[2026-05-08 05:41:10] [pid 756539] GPU 1: idle → resume
[2026-05-08 05:41:10] [pid 756539] GPU 2: idle → resume
[2026-05-08 05:41:10] [pid 756539] GPU 3: idle → resume
[2026-05-08 05:41:10] [pid 756539] status: GPU0=starting, GPU1=starting, GPU2=starting, GPU3=starting
[2026-05-08 05:42:12] [pid 756539] status: GPU0=running, GPU1=running, GPU2=running, GPU3=running
[2026-05-08 05:43:07] [pid 756539] GPU 0: foreign pid(s) [754247] → pause
[2026-05-08 05:43:07] [pid 756539] GPU 1: foreign pid(s) [754248] → pause
[2026-05-08 05:43:07] [pid 756539] GPU 2: foreign pid(s) [754249] → pause
[2026-05-08 05:43:07] [pid 756539] GPU 3: foreign pid(s) [754250] → pause
[2026-05-08 05:43:14] [pid 756539] status: GPU0=paused, GPU1=paused, GPU2=paused, GPU3=paused
[2026-05-08 05:44:15] [pid 756539] status: GPU0=paused, GPU1=paused, GPU2=paused, GPU3=paused
[2026-05-08 05:45:16] [pid 756539] status: GPU0=paused, GPU1=paused, GPU2=paused, GPU3=paused
[2026-05-08 05:46:17] [pid 756539] status: GPU0=paused, GPU1=paused, GPU2=paused, GPU3=paused
[2026-05-08 05:47:18] [pid 756539] status: GPU0=paused, GPU1=paused, GPU2=paused, GPU3=paused
[2026-05-08 05:48:19] [pid 756539] status: GPU0=paused, GPU1=paused, GPU2=paused, GPU3=paused
[2026-05-08 05:49:20] [pid 756539] status: GPU0=paused, GPU1=paused, GPU2=paused, GPU3=paused
[2026-05-08 05:50:21] [pid 756539] status: GPU0=paused, GPU1=paused, GPU2=paused, GPU3=paused
[2026-05-08 05:51:22] [pid 756539] status: GPU0=paused, GPU1=paused, GPU2=paused, GPU3=paused
[2026-05-08 05:52:23] [pid 756539] status: GPU0=paused, GPU1=paused, GPU2=paused, GPU3=paused
[2026-05-08 05:53:24] [pid 756539] status: GPU0=paused, GPU1=paused, GPU2=paused, GPU3=paused
[2026-05-08 05:54:25] [pid 756539] status: GPU0=paused, GPU1=paused, GPU2=paused, GPU3=paused
[2026-05-08 05:55:26] [pid 756539] status: GPU0=paused, GPU1=paused, GPU2=paused, GPU3=paused
[2026-05-08 05:56:27] [pid 756539] status: GPU0=paused, GPU1=paused, GPU2=paused, GPU3=paused
[2026-05-08 05:57:28] [pid 756539] status: GPU0=paused, GPU1=paused, GPU2=paused, GPU3=paused
[2026-05-08 05:58:29] [pid 756539] status: GPU0=paused, GPU1=paused, GPU2=paused, GPU3=paused
[2026-05-08 05:59:31] [pid 756539] status: GPU0=paused, GPU1=paused, GPU2=paused, GPU3=paused
[2026-05-08 06:00:32] [pid 756539] status: GPU0=paused, GPU1=paused, GPU2=paused, GPU3=paused
[2026-05-08 06:01:33] [pid 756539] status: GPU0=paused, GPU1=paused, GPU2=paused, GPU3=paused
[2026-05-08 06:02:34] [pid 756539] status: GPU0=paused, GPU1=paused, GPU2=paused, GPU3=paused
[2026-05-08 06:03:35] [pid 756539] status: GPU0=paused, GPU1=paused, GPU2=paused, GPU3=paused
[2026-05-08 06:04:36] [pid 756539] status: GPU0=paused, GPU1=paused, GPU2=paused, GPU3=paused
[2026-05-08 06:05:37] [pid 756539] status: GPU0=paused, GPU1=paused, GPU2=paused, GPU3=paused
[2026-05-08 06:05:46] [pid 350918] Adaptive turbo starting; GPUs=[0, 1, 2, 3], matrix=16384, poll=3.0s
[2026-05-08 06:05:46] [pid 350918] Worker PIDs: [350918, 350993, 350994, 350995, 350996]
[2026-05-08 06:05:47] [pid 350918] status: GPU0=starting, GPU1=starting, GPU2=starting, GPU3=starting
